<?xml version="1.0" encoding="UTF-8"?>
<testsuites name="jest tests" tests="5" failures="0" errors="0" time="0.816">
  <testsuite name="Integration: API &lt;-&gt; DB" errors="0" failures="0" skipped="0" timestamp="2025-10-25T12:05:57" time="0.496" tests="2">
    <testcase classname="Integration: API &lt;-&gt; DB POST /items creates an item and GET /items returns it" name="Integration: API &lt;-&gt; DB POST /items creates an item and GET /items returns it" time="0.053">
    </testcase>
    <testcase classname="Integration: API &lt;-&gt; DB POST /items without name yields 400" name="Integration: API &lt;-&gt; DB POST /items without name yields 400" time="0.007">
    </testcase>
  </testsuite>
  <testsuite name="API tests" errors="0" failures="0" skipped="0" timestamp="2025-10-25T12:05:57" time="0.15" tests="3">
    <testcase classname="API tests GET / returns status ok" name="API tests GET / returns status ok" time="0.012">
    </testcase>
    <testcase classname="API tests POST /add returns sum for numbers" name="API tests POST /add returns sum for numbers" time="0.011">
    </testcase>
    <testcase classname="API tests POST /add rejects non-number" name="API tests POST /add rejects non-number" time="0.007">
    </testcase>
  </testsuite>
</testsuites>